<?xml version="1.0" encoding="UTF-8"?>
<!-- Generated by org.testng.reporters.JUnitReportReporter -->
<testsuite hostname="DESKTOP-BVNUARV" failures="0" tests="1" name="com.ninza.crm.producttest.CreateProductTest2" time="10.007" errors="0" timestamp="2025-09-11T15:08:43 IST" skipped="0">
  <testcase classname="com.ninza.crm.producttest.CreateProductTest2" name="createProductWithMandatoryFieldTest" time="10.007"/>
</testsuite> <!-- com.ninza.crm.producttest.CreateProductTest2 -->
