<?xml version="1.0" encoding="UTF-8"?>
<!-- Generated by org.testng.reporters.JUnitReportReporter -->
<testsuite hostname="DESKTOP-BVNUARV" failures="0" tests="1" name="com.ninza.crm.campaignstest.PracticeClass" time="0.030" errors="0" timestamp="2025-08-20T17:57:12 IST" skipped="0">
  <testcase classname="com.ninza.crm.campaignstest.PracticeClass" name="practice" time="0.030"/>
</testsuite> <!-- com.ninza.crm.campaignstest.PracticeClass -->
